[debug] [2019-10-02T23:33:45.870Z] ----------------------------------------------------------------------
[debug] [2019-10-02T23:33:45.872Z] Command:       /usr/local/bin/node /usr/local/bin/firebase deploy
[debug] [2019-10-02T23:33:45.873Z] CLI Version:   7.4.0
[debug] [2019-10-02T23:33:45.873Z] Platform:      darwin
[debug] [2019-10-02T23:33:45.873Z] Node Version:  v12.10.0
[debug] [2019-10-02T23:33:45.874Z] Time:          Thu Oct 03 2019 05:03:45 GMT+0530 (India Standard Time)
[debug] [2019-10-02T23:33:45.874Z] ----------------------------------------------------------------------
[debug] 
[debug] [2019-10-02T23:33:45.884Z] > command requires scopes: ["email","openid","https://www.googleapis.com/auth/cloudplatformprojects.readonly","https://www.googleapis.com/auth/firebase","https://www.googleapis.com/auth/cloud-platform"]
[debug] [2019-10-02T23:33:45.884Z] > authorizing via signed-in user
[debug] [2019-10-02T23:33:45.884Z] [iam] checking project pokemon-explorer-by-sujeet for permissions ["firebase.projects.get","firebasehosting.sites.update"]
[debug] [2019-10-02T23:33:45.886Z] > refreshing access token with scopes: ["email","https://www.googleapis.com/auth/cloud-platform","https://www.googleapis.com/auth/cloudplatformprojects.readonly","https://www.googleapis.com/auth/firebase","openid"]
[debug] [2019-10-02T23:33:45.887Z] >>> HTTP REQUEST POST https://www.googleapis.com/oauth2/v3/token  
 <request body omitted>
[debug] [2019-10-02T23:33:46.074Z] <<< HTTP RESPONSE 200
[debug] [2019-10-02T23:33:46.084Z] >>> HTTP REQUEST POST https://cloudresourcemanager.googleapis.com/v1/projects/pokemon-explorer-by-sujeet:testIamPermissions  

[debug] [2019-10-02T23:33:47.573Z] <<< HTTP RESPONSE 200
[debug] [2019-10-02T23:33:47.576Z] >>> HTTP REQUEST GET https://firebase.googleapis.com/v1beta1/projects/pokemon-explorer-by-sujeet  
 
[debug] [2019-10-02T23:33:47.981Z] <<< HTTP RESPONSE 200
[info] 
[info] === Deploying to 'pokemon-explorer-by-sujeet'...
[info] 
[info] i  deploying hosting
[debug] [2019-10-02T23:33:47.987Z] >>> HTTP REQUEST POST https://firebasehosting.googleapis.com/v1beta1/sites/pokemon-explorer-by-sujeet/versions  

[debug] [2019-10-02T23:33:50.233Z] <<< HTTP RESPONSE 200
[info] i  hosting[pokemon-explorer-by-sujeet]: beginning deploy...
[info] i  hosting[pokemon-explorer-by-sujeet]: found 57 files in dist/pokemon
[debug] [2019-10-02T23:33:50.249Z] [hosting] hash cache [ZGlzdC9wb2tlbW9u] load error: lines is not defined
